{"type":"operationStart","subtype":"profile","data":{"_id":"1WrMaru0RVrCktYk","timestamp":"2022-07-06T12:59:40.110Z","state":"queued","mode":"standard","blobName":"profiles/9ka3f71ywevxmrf.log","creationDate":"2022-07-06T12:59:40.111Z","modificationDate":"2022-07-06T12:59:40.111Z","shortid":"5APFycr","$entitySet":"profiles"},"doDiffs":false,"timestamp":1657112380110,"id":"mfcfbky87u1dkp3","previousOperationId":null,"operationId":"q6g8hjjp123h7fi"}
{"type":"log","level":"info","message":"Render request 10 queued for execution and waiting for availible worker","previousOperationId":"q6g8hjjp123h7fi","timestamp":1657112380110,"id":"v1vrtykkcyepqn6"}
{"type":"operationStart","subtype":"render","name":"orders-main","previousOperationId":"q6g8hjjp123h7fi","timestamp":1657112380123,"id":"2g1qc1akb3rd37p","previousEventId":"mfcfbky87u1dkp3","operationId":"qa06n5tbhhmoeu1"}
{"type":"log","timestamp":1657112380123,"level":"info","message":"Starting rendering request 10 (user: null)","meta":{"rootId":"9ka3f71ywevxmrf","id":"9ka3f71ywevxmrf"},"id":"fb8przsuaqywea3","previousOperationId":"qa06n5tbhhmoeu1"}
{"type":"log","timestamp":1657112380124,"level":"info","message":"Rendering template { name: orders-main, recipe: chrome-pdf, engine: handlebars, preview: true }","meta":{"rootId":"9ka3f71ywevxmrf","id":"9ka3f71ywevxmrf"},"id":"h5ewwkajdeu5uhe","previousOperationId":"qa06n5tbhhmoeu1"}
{"type":"log","timestamp":1657112380127,"level":"debug","message":"Data item not defined for this template.","meta":{"rootId":"9ka3f71ywevxmrf","id":"9ka3f71ywevxmrf"},"id":"3wvly369xsm0al2","previousOperationId":"qa06n5tbhhmoeu1"}
{"type":"log","timestamp":1657112380131,"level":"debug","message":"Executing script orders-script (beforeRender)","meta":{"rootId":"9ka3f71ywevxmrf","id":"9ka3f71ywevxmrf"},"id":"085t8t936zv3u5s","previousOperationId":"qa06n5tbhhmoeu1"}
{"type":"operationStart","subtype":"scriptsBeforeRender","name":"scripts beforeRender","timestamp":1657112380149,"id":"cvzzft2ltlmvdr0","previousEventId":"2g1qc1akb3rd37p","operationId":"6qcd3qev0eqirk0","previousOperationId":"qa06n5tbhhmoeu1"}
{"type":"operationStart","subtype":"script","name":"scripts orders-script","previousOperationId":"6qcd3qev0eqirk0","timestamp":1657112380149,"id":"ecwuskhzsq6tqza","previousEventId":"cvzzft2ltlmvdr0","operationId":"lgn2e40cdltxcpz"}
{"type":"operationEnd","operationId":"lgn2e40cdltxcpz","timestamp":1657112382044,"id":"encmxti9aowspt9","previousEventId":"2g1qc1akb3rd37p","previousOperationId":"qa06n5tbhhmoeu1"}
{"type":"operationEnd","operationId":"6qcd3qev0eqirk0","timestamp":1657112382044,"id":"3b8pqtx9fqthsmi","previousEventId":"encmxti9aowspt9","previousOperationId":"qa06n5tbhhmoeu1"}
{"type":"log","timestamp":1657112382044,"level":"debug","message":"Base url not specified, skipping its injection.","meta":{"rootId":"9ka3f71ywevxmrf","id":"9ka3f71ywevxmrf"},"id":"mja1x0sc397rgts","previousOperationId":"6qcd3qev0eqirk0"}
{"type":"operationStart","subtype":"engine","name":"handlebars","timestamp":1657112382044,"id":"q3plapx27hfd7uw","previousEventId":"3b8pqtx9fqthsmi","operationId":"vgidcedv89dpe1l","previousOperationId":"6qcd3qev0eqirk0"}
{"type":"log","timestamp":1657112382044,"level":"debug","message":"Rendering engine handlebars","meta":{"rootId":"9ka3f71ywevxmrf","id":"9ka3f71ywevxmrf"},"id":"x4uetokfrp3ytcq","previousOperationId":"vgidcedv89dpe1l"}
{"type":"log","timestamp":1657112382059,"level":"debug","message":"Pdf utils adding group field, value: \"France\"","meta":{"rootId":"9ka3f71ywevxmrf","id":"9ka3f71ywevxmrf"},"id":"dgltdwp43xsqg8x","previousOperationId":"vgidcedv89dpe1l"}
{"type":"log","timestamp":1657112382060,"level":"debug","message":"Pdf utils adding group field, value: \"Germany\"","meta":{"rootId":"9ka3f71ywevxmrf","id":"9ka3f71ywevxmrf"},"id":"bn58b5vwqlbsyrv","previousOperationId":"vgidcedv89dpe1l"}
{"type":"operationEnd","operationId":"vgidcedv89dpe1l","timestamp":1657112382060,"id":"poxpy94mu44bh41","previousEventId":"q3plapx27hfd7uw","previousOperationId":"vgidcedv89dpe1l"}
{"type":"operationStart","subtype":"recipe","name":"chrome-pdf","timestamp":1657112382062,"id":"8x9wy4szrq277gz","previousEventId":"poxpy94mu44bh41","operationId":"4f6gw9le418mt1o","previousOperationId":"vgidcedv89dpe1l"}
{"type":"log","timestamp":1657112382062,"level":"debug","message":"Executing recipe chrome-pdf","meta":{"rootId":"9ka3f71ywevxmrf","id":"9ka3f71ywevxmrf"},"id":"ihr7411n53t7asp","previousOperationId":"4f6gw9le418mt1o"}
{"type":"log","timestamp":1657112382065,"level":"debug","message":"Converting with chrome HeadlessChrome/98.0.4758.0 using chrome-pool strategy","meta":{"rootId":"9ka3f71ywevxmrf","id":"9ka3f71ywevxmrf"},"id":"u6bgp4dzof5j8da","previousOperationId":"4f6gw9le418mt1o"}
{"type":"log","timestamp":1657112382161,"level":"debug","message":"Page request: GET (document) file:///C:/Users/lucas/AppData/Local/Temp/jsreport/autocleanup/b46ef7b9-1307-439c-9f42-a3592bb9d1d9-chrome-pdf.html","meta":{"rootId":"9ka3f71ywevxmrf","id":"9ka3f71ywevxmrf"},"id":"cqhkper96vnmj2p","previousOperationId":"4f6gw9le418mt1o"}
{"type":"log","timestamp":1657112382169,"level":"debug","message":"Page request finished: GET (document) file:///C:/Users/lucas/AppData/Local/Temp/jsreport/autocleanup/b46ef7b9-1307-439c-9f42-a3592bb9d1d9-chrome-pdf.html","meta":{"rootId":"9ka3f71ywevxmrf","id":"9ka3f71ywevxmrf"},"id":"c8ak9kwgo2ni4za","previousOperationId":"4f6gw9le418mt1o"}
{"type":"log","timestamp":1657112382171,"level":"debug","message":"Page request: GET (stylesheet) https://cdnjs.cloudflare.com/ajax/libs/metro/4.1.5/css/metro.min.css","meta":{"rootId":"9ka3f71ywevxmrf","id":"9ka3f71ywevxmrf"},"id":"esrjz7pzwocu7r2","previousOperationId":"4f6gw9le418mt1o"}
{"type":"log","timestamp":1657112382172,"level":"debug","message":"Page request: GET (script) https://cdnjs.cloudflare.com/ajax/libs/Chart.js/2.7.2/Chart.min.js","meta":{"rootId":"9ka3f71ywevxmrf","id":"9ka3f71ywevxmrf"},"id":"qd9brpsm8ymq0no","previousOperationId":"4f6gw9le418mt1o"}
{"type":"log","timestamp":1657112382196,"level":"debug","message":"Page request finished: GET (stylesheet) 200 https://cdnjs.cloudflare.com/ajax/libs/metro/4.1.5/css/metro.min.css","meta":{"rootId":"9ka3f71ywevxmrf","id":"9ka3f71ywevxmrf"},"id":"soaysa2nma52yzd","previousOperationId":"4f6gw9le418mt1o"}
{"type":"log","timestamp":1657112382196,"level":"debug","message":"Page request finished: GET (script) 200 https://cdnjs.cloudflare.com/ajax/libs/Chart.js/2.7.2/Chart.min.js","meta":{"rootId":"9ka3f71ywevxmrf","id":"9ka3f71ywevxmrf"},"id":"y0wgyw94rc3mtt7","previousOperationId":"4f6gw9le418mt1o"}
{"type":"log","timestamp":1657112382305,"level":"debug","message":"Running chrome with params {\"printBackground\":true,\"marginTop\":\"4cm\",\"marginRight\":\"1.5cm\",\"marginBottom\":\"1.5cm\",\"marginLeft\":\"1.5cm\",\"waitForJS\":false,\"timeout\":58046,\"margin\":{\"top\":\"4cm\",\"right\":\"1.5cm\",\"bottom\":\"1.5cm\",\"left\":\"1.5cm\"}}","meta":{"rootId":"9ka3f71ywevxmrf","id":"9ka3f71ywevxmrf"},"id":"ctdf6dtvmuklp9q","previousOperationId":"4f6gw9le418mt1o"}
{"type":"operationEnd","operationId":"4f6gw9le418mt1o","timestamp":1657112382599,"id":"q13zz80cp9n9os3","previousEventId":"8x9wy4szrq277gz","previousOperationId":"4f6gw9le418mt1o"}
{"type":"log","timestamp":1657112382599,"level":"info","message":"pdf-utils is starting pdf processing","meta":{"rootId":"9ka3f71ywevxmrf","id":"9ka3f71ywevxmrf"},"id":"2zris5xwvz6wp8k","previousOperationId":"4f6gw9le418mt1o"}
{"type":"operationStart","subtype":"pdfUtils","name":"pdf utils","timestamp":1657112382599,"id":"pj3d2s9ksr2x9a9","previousEventId":"q13zz80cp9n9os3","operationId":"8hlf3w8h86i2kjr","previousOperationId":"4f6gw9le418mt1o"}
{"type":"log","timestamp":1657112382599,"level":"debug","message":"pdf-utils detected 1 pdf operation(s) to process","meta":{"rootId":"9ka3f71ywevxmrf","id":"9ka3f71ywevxmrf"},"id":"hrv9oqks6nusxw5","previousOperationId":"8hlf3w8h86i2kjr"}
{"type":"log","timestamp":1657112382700,"level":"debug","message":"pdf-utils running pdf operation merge","meta":{"rootId":"9ka3f71ywevxmrf","id":"9ka3f71ywevxmrf"},"id":"hgju7wtzpxyskui","previousOperationId":"8hlf3w8h86i2kjr"}
{"type":"operationStart","subtype":"pdfUtilsMerge","name":"pdf utils merge","previousOperationId":"8hlf3w8h86i2kjr","timestamp":1657112382700,"id":"lrvh8qjnp4lhmsx","previousEventId":"pj3d2s9ksr2x9a9","operationId":"n7zhincp7sa092u"}
{"type":"operationStart","subtype":"render","name":"orders-header","previousOperationId":"n7zhincp7sa092u","timestamp":1657112382702,"id":"2o986roj5zhx50v","previousEventId":"lrvh8qjnp4lhmsx","operationId":"yunzh5vk7q8jcsm"}
{"type":"log","timestamp":1657112382702,"level":"info","message":"Starting rendering request 10 (user: null)","meta":{"rootId":"9ka3f71ywevxmrf","id":"o0gyul8degzjva9"},"id":"camnc4wqtfussra","previousOperationId":"yunzh5vk7q8jcsm"}
{"type":"log","timestamp":1657112382702,"level":"info","message":"Rendering template { name: orders-header, recipe: chrome-pdf, engine: handlebars, preview: true }","meta":{"rootId":"9ka3f71ywevxmrf","id":"o0gyul8degzjva9"},"id":"b5baqyz8qnx78bq","previousOperationId":"yunzh5vk7q8jcsm"}
{"type":"log","timestamp":1657112382708,"level":"debug","message":"Inline data specified.","meta":{"rootId":"9ka3f71ywevxmrf","id":"o0gyul8degzjva9"},"id":"mvix34w8bhuju1k","previousOperationId":"yunzh5vk7q8jcsm"}
{"type":"log","timestamp":1657112382711,"level":"debug","message":"Base url not specified, skipping its injection.","meta":{"rootId":"9ka3f71ywevxmrf","id":"o0gyul8degzjva9"},"id":"qephoidgr5dy4pw","previousOperationId":"yunzh5vk7q8jcsm"}
{"type":"operationStart","subtype":"engine","name":"handlebars","timestamp":1657112382711,"id":"o2kqxhgiko11bdf","previousEventId":"2o986roj5zhx50v","operationId":"0gm6h9rcgetc5bo","previousOperationId":"yunzh5vk7q8jcsm"}
{"type":"log","timestamp":1657112382711,"level":"debug","message":"Rendering engine handlebars","meta":{"rootId":"9ka3f71ywevxmrf","id":"o0gyul8degzjva9"},"id":"leopppee2iy5gtn","previousOperationId":"0gm6h9rcgetc5bo"}
{"type":"operationEnd","operationId":"0gm6h9rcgetc5bo","timestamp":1657112382731,"id":"o0iajcuwxisx6im","previousEventId":"o2kqxhgiko11bdf","previousOperationId":"0gm6h9rcgetc5bo"}
{"type":"operationStart","subtype":"recipe","name":"chrome-pdf","timestamp":1657112382731,"id":"bibl1egtyvticxg","previousEventId":"o0iajcuwxisx6im","operationId":"nkbuivhcbdtafnj","previousOperationId":"0gm6h9rcgetc5bo"}
{"type":"log","timestamp":1657112382731,"level":"debug","message":"Executing recipe chrome-pdf","meta":{"rootId":"9ka3f71ywevxmrf","id":"o0gyul8degzjva9"},"id":"itixmth3gfti8d2","previousOperationId":"nkbuivhcbdtafnj"}
{"type":"log","timestamp":1657112382734,"level":"debug","message":"Converting with chrome HeadlessChrome/98.0.4758.0 using chrome-pool strategy","meta":{"rootId":"9ka3f71ywevxmrf","id":"o0gyul8degzjva9"},"id":"dezwhnr34nreyur","previousOperationId":"nkbuivhcbdtafnj"}
{"type":"log","timestamp":1657112382841,"level":"debug","message":"Page request: GET (document) file:///C:/Users/lucas/AppData/Local/Temp/jsreport/autocleanup/856ff682-3254-4aa7-af98-9a3b229baab5-chrome-pdf.html","meta":{"rootId":"9ka3f71ywevxmrf","id":"o0gyul8degzjva9"},"id":"0k8m1e62efg5jjb","previousOperationId":"nkbuivhcbdtafnj"}
{"type":"log","timestamp":1657112382851,"level":"debug","message":"Page request finished: GET (document) file:///C:/Users/lucas/AppData/Local/Temp/jsreport/autocleanup/856ff682-3254-4aa7-af98-9a3b229baab5-chrome-pdf.html","meta":{"rootId":"9ka3f71ywevxmrf","id":"o0gyul8degzjva9"},"id":"q8t8c1418rtxdd4","previousOperationId":"nkbuivhcbdtafnj"}
{"type":"log","timestamp":1657112382853,"level":"debug","message":"Page request: GET (stylesheet) https://cdnjs.cloudflare.com/ajax/libs/metro/4.1.5/css/metro.min.css","meta":{"rootId":"9ka3f71ywevxmrf","id":"o0gyul8degzjva9"},"id":"daijewsxnv3yspy","previousOperationId":"nkbuivhcbdtafnj"}
{"type":"log","timestamp":1657112382889,"level":"debug","message":"Page request finished: GET (stylesheet) 200 https://cdnjs.cloudflare.com/ajax/libs/metro/4.1.5/css/metro.min.css","meta":{"rootId":"9ka3f71ywevxmrf","id":"o0gyul8degzjva9"},"id":"f0kpe308ohampsz","previousOperationId":"nkbuivhcbdtafnj"}
{"type":"log","timestamp":1657112382918,"level":"debug","message":"Running chrome with params {\"printBackground\":true,\"marginTop\":\"1.5cm\",\"marginRight\":\"1.5cm\",\"marginLeft\":\"1.cm\",\"timeout\":57377,\"margin\":{\"top\":\"1.5cm\",\"right\":\"1.5cm\",\"left\":\"1.cm\"}}","meta":{"rootId":"9ka3f71ywevxmrf","id":"o0gyul8degzjva9"},"id":"zaomd1dannscucl","previousOperationId":"nkbuivhcbdtafnj"}
{"type":"operationEnd","operationId":"nkbuivhcbdtafnj","timestamp":1657112383036,"id":"5ir3ndepqw8az5c","previousEventId":"bibl1egtyvticxg","previousOperationId":"nkbuivhcbdtafnj"}
{"type":"log","timestamp":1657112383036,"level":"debug","message":"Skipping storing report.","meta":{"rootId":"9ka3f71ywevxmrf","id":"o0gyul8degzjva9"},"id":"ari06wogz5zzav7","previousOperationId":"nkbuivhcbdtafnj"}
{"type":"log","timestamp":1657112383037,"level":"info","message":"Rendering request 10 finished in 2927 ms","meta":{"rootId":"9ka3f71ywevxmrf","id":"o0gyul8degzjva9"},"id":"do7w3stucm9bfyf","previousOperationId":"nkbuivhcbdtafnj"}
{"type":"operationEnd","subtype":"render","operationId":"yunzh5vk7q8jcsm","timestamp":1657112383037,"id":"jumojqfiemphmrj","previousEventId":"5ir3ndepqw8az5c","previousOperationId":"nkbuivhcbdtafnj"}
{"type":"operationEnd","operationId":"n7zhincp7sa092u","timestamp":1657112383066,"id":"sec54srut3jsa9i","previousEventId":"lrvh8qjnp4lhmsx","previousOperationId":"n7zhincp7sa092u"}
{"type":"log","timestamp":1657112383066,"level":"debug","message":"pdf-utils postproces start","meta":{"rootId":"9ka3f71ywevxmrf","id":"9ka3f71ywevxmrf"},"id":"nv37rldngpo4cm5","previousOperationId":"n7zhincp7sa092u"}
{"type":"log","timestamp":1657112383091,"level":"debug","message":"pdf-utils postproces end","meta":{"rootId":"9ka3f71ywevxmrf","id":"9ka3f71ywevxmrf"},"id":"yn5pee0vjursb2u","previousOperationId":"n7zhincp7sa092u"}
{"type":"operationEnd","operationId":"8hlf3w8h86i2kjr","timestamp":1657112383091,"id":"sihzo6dg9d54rqd","previousEventId":"sec54srut3jsa9i","previousOperationId":"n7zhincp7sa092u"}
{"type":"log","timestamp":1657112383092,"level":"info","message":"pdf-utils pdf processing was finished","meta":{"rootId":"9ka3f71ywevxmrf","id":"9ka3f71ywevxmrf"},"id":"hxsajbo7otjupl9","previousOperationId":"8hlf3w8h86i2kjr"}
{"type":"log","timestamp":1657112383092,"level":"debug","message":"Skipping storing report.","meta":{"rootId":"9ka3f71ywevxmrf","id":"9ka3f71ywevxmrf"},"id":"1bfzd2hsmrp0oo6","previousOperationId":"8hlf3w8h86i2kjr"}
{"type":"log","timestamp":1657112383092,"level":"info","message":"Rendering request 10 finished in 2982 ms","meta":{"rootId":"9ka3f71ywevxmrf","id":"9ka3f71ywevxmrf"},"id":"whtbixryzy4y679","previousOperationId":"8hlf3w8h86i2kjr"}
{"type":"operationEnd","subtype":"render","operationId":"qa06n5tbhhmoeu1","timestamp":1657112383092,"id":"l2z512bqdi1xuhe","previousEventId":"sihzo6dg9d54rqd","previousOperationId":"8hlf3w8h86i2kjr"}
{"type":"operationEnd","doDiffs":false,"previousEventId":"mfcfbky87u1dkp3","previousOperationId":"q6g8hjjp123h7fi","operationId":"q6g8hjjp123h7fi","timestamp":1657112383106,"id":"zokpk1fnw9w6laf"}
