{"type":"operationStart","subtype":"profile","data":{"_id":"u0AYYn8kT5CPq1qM","timestamp":"2022-07-05T19:29:01.826Z","state":"queued","mode":"standard","blobName":"profiles/egdy10ece34z72s.log","creationDate":"2022-07-05T19:29:01.827Z","modificationDate":"2022-07-05T19:29:01.827Z","shortid":"VW-G4X_","$entitySet":"profiles"},"doDiffs":false,"timestamp":1657049341826,"id":"2xbtwm0i43ftxdu","previousOperationId":null,"operationId":"8c6rzpgz7o2sql4"}
{"type":"log","level":"info","message":"Render request 5 queued for execution and waiting for availible worker","previousOperationId":"8c6rzpgz7o2sql4","timestamp":1657049341826,"id":"ja5grt04nd8h0jl"}
{"type":"operationStart","subtype":"render","name":"orders-main","previousOperationId":"8c6rzpgz7o2sql4","timestamp":1657049341838,"id":"g3uqflk118jwdv3","previousEventId":"2xbtwm0i43ftxdu","operationId":"bqnbqpbov4969v0"}
{"type":"log","timestamp":1657049341838,"level":"info","message":"Starting rendering request 5 (user: null)","meta":{"rootId":"egdy10ece34z72s","id":"egdy10ece34z72s"},"id":"d1cyf6exw41pbmi","previousOperationId":"bqnbqpbov4969v0"}
{"type":"log","timestamp":1657049341839,"level":"info","message":"Rendering template { name: orders-main, recipe: chrome-pdf, engine: handlebars, preview: true }","meta":{"rootId":"egdy10ece34z72s","id":"egdy10ece34z72s"},"id":"9bs0ptx1pqwxc88","previousOperationId":"bqnbqpbov4969v0"}
{"type":"log","timestamp":1657049341840,"level":"debug","message":"Data item not defined for this template.","meta":{"rootId":"egdy10ece34z72s","id":"egdy10ece34z72s"},"id":"833zpha27o0evr3","previousOperationId":"bqnbqpbov4969v0"}
{"type":"log","timestamp":1657049341844,"level":"debug","message":"Executing script orders-script (beforeRender)","meta":{"rootId":"egdy10ece34z72s","id":"egdy10ece34z72s"},"id":"u5dc0e7bcyl8qvn","previousOperationId":"bqnbqpbov4969v0"}
{"type":"operationStart","subtype":"scriptsBeforeRender","name":"scripts beforeRender","timestamp":1657049341908,"id":"as66empbbadhagg","previousEventId":"g3uqflk118jwdv3","operationId":"6uf0gp9h8tult84","previousOperationId":"bqnbqpbov4969v0"}
{"type":"operationStart","subtype":"script","name":"scripts orders-script","previousOperationId":"6uf0gp9h8tult84","timestamp":1657049341908,"id":"iszt35vv61m4ume","previousEventId":"as66empbbadhagg","operationId":"1s3e08enwshvbfj"}
{"type":"operationEnd","operationId":"1s3e08enwshvbfj","timestamp":1657049347366,"id":"aypu4lblcju5m5l","previousEventId":"g3uqflk118jwdv3","previousOperationId":"bqnbqpbov4969v0"}
{"type":"operationEnd","operationId":"6uf0gp9h8tult84","timestamp":1657049347366,"id":"ybocuevqdmzmsgl","previousEventId":"aypu4lblcju5m5l","previousOperationId":"bqnbqpbov4969v0"}
{"type":"log","timestamp":1657049347366,"level":"debug","message":"Base url not specified, skipping its injection.","meta":{"rootId":"egdy10ece34z72s","id":"egdy10ece34z72s"},"id":"bs41xscdpf2ncys","previousOperationId":"6uf0gp9h8tult84"}
{"type":"operationStart","subtype":"engine","name":"handlebars","timestamp":1657049347366,"id":"dy4xrma53k7ena7","previousEventId":"ybocuevqdmzmsgl","operationId":"8nyjzbqdt32i5dh","previousOperationId":"6uf0gp9h8tult84"}
{"type":"log","timestamp":1657049347366,"level":"debug","message":"Rendering engine handlebars","meta":{"rootId":"egdy10ece34z72s","id":"egdy10ece34z72s"},"id":"07gxm2hi7r0n90e","previousOperationId":"8nyjzbqdt32i5dh"}
{"type":"log","timestamp":1657049347383,"level":"debug","message":"Pdf utils adding group field, value: \"France\"","meta":{"rootId":"egdy10ece34z72s","id":"egdy10ece34z72s"},"id":"77r2yych8dt563j","previousOperationId":"8nyjzbqdt32i5dh"}
{"type":"log","timestamp":1657049347384,"level":"debug","message":"Pdf utils adding group field, value: \"Germany\"","meta":{"rootId":"egdy10ece34z72s","id":"egdy10ece34z72s"},"id":"dylm77jkr2qekkn","previousOperationId":"8nyjzbqdt32i5dh"}
{"type":"operationEnd","operationId":"8nyjzbqdt32i5dh","timestamp":1657049347384,"id":"17dy82axqt77gxb","previousEventId":"dy4xrma53k7ena7","previousOperationId":"8nyjzbqdt32i5dh"}
{"type":"operationStart","subtype":"recipe","name":"chrome-pdf","timestamp":1657049347385,"id":"bkq7rvgi1chmugg","previousEventId":"17dy82axqt77gxb","operationId":"0u3p8jt0ey4k38s","previousOperationId":"8nyjzbqdt32i5dh"}
{"type":"log","timestamp":1657049347385,"level":"debug","message":"Executing recipe chrome-pdf","meta":{"rootId":"egdy10ece34z72s","id":"egdy10ece34z72s"},"id":"7epeatlv93qm7oc","previousOperationId":"0u3p8jt0ey4k38s"}
{"type":"log","timestamp":1657049347388,"level":"debug","message":"Converting with chrome HeadlessChrome/98.0.4758.0 using chrome-pool strategy","meta":{"rootId":"egdy10ece34z72s","id":"egdy10ece34z72s"},"id":"j74ov976jveitw9","previousOperationId":"0u3p8jt0ey4k38s"}
{"type":"log","timestamp":1657049347488,"level":"debug","message":"Page request: GET (document) file:///C:/Users/lucas/AppData/Local/Temp/jsreport/autocleanup/a14fe2c7-6682-46bd-a43d-147256141adb-chrome-pdf.html","meta":{"rootId":"egdy10ece34z72s","id":"egdy10ece34z72s"},"id":"0o2gw9ya2qrgh76","previousOperationId":"0u3p8jt0ey4k38s"}
{"type":"log","timestamp":1657049347497,"level":"debug","message":"Page request finished: GET (document) file:///C:/Users/lucas/AppData/Local/Temp/jsreport/autocleanup/a14fe2c7-6682-46bd-a43d-147256141adb-chrome-pdf.html","meta":{"rootId":"egdy10ece34z72s","id":"egdy10ece34z72s"},"id":"or2kvafx6kxz8hu","previousOperationId":"0u3p8jt0ey4k38s"}
{"type":"log","timestamp":1657049347498,"level":"debug","message":"Page request: GET (stylesheet) https://cdnjs.cloudflare.com/ajax/libs/metro/4.1.5/css/metro.min.css","meta":{"rootId":"egdy10ece34z72s","id":"egdy10ece34z72s"},"id":"2t3vkvhhsx50si0","previousOperationId":"0u3p8jt0ey4k38s"}
{"type":"log","timestamp":1657049347499,"level":"debug","message":"Page request: GET (script) https://cdnjs.cloudflare.com/ajax/libs/Chart.js/2.7.2/Chart.min.js","meta":{"rootId":"egdy10ece34z72s","id":"egdy10ece34z72s"},"id":"1qd6bysthq0vidx","previousOperationId":"0u3p8jt0ey4k38s"}
{"type":"log","timestamp":1657049354261,"level":"debug","message":"Page request finished: GET (script) 200 https://cdnjs.cloudflare.com/ajax/libs/Chart.js/2.7.2/Chart.min.js","meta":{"rootId":"egdy10ece34z72s","id":"egdy10ece34z72s"},"id":"5eiz1g7cbdtbcuq","previousOperationId":"0u3p8jt0ey4k38s"}
{"type":"log","timestamp":1657049354298,"level":"debug","message":"Page request finished: GET (stylesheet) 200 https://cdnjs.cloudflare.com/ajax/libs/metro/4.1.5/css/metro.min.css","meta":{"rootId":"egdy10ece34z72s","id":"egdy10ece34z72s"},"id":"jkgfmgddusah6m0","previousOperationId":"0u3p8jt0ey4k38s"}
{"type":"log","timestamp":1657049354396,"level":"debug","message":"Running chrome with params {\"printBackground\":true,\"marginTop\":\"4cm\",\"marginRight\":\"1.5cm\",\"marginBottom\":\"1.5cm\",\"marginLeft\":\"1.5cm\",\"waitForJS\":false,\"timeout\":54439,\"margin\":{\"top\":\"4cm\",\"right\":\"1.5cm\",\"bottom\":\"1.5cm\",\"left\":\"1.5cm\"}}","meta":{"rootId":"egdy10ece34z72s","id":"egdy10ece34z72s"},"id":"3i002o91mpq1u2v","previousOperationId":"0u3p8jt0ey4k38s"}
{"type":"operationEnd","operationId":"0u3p8jt0ey4k38s","timestamp":1657049354675,"id":"b3pzqdhv7j1cu3p","previousEventId":"bkq7rvgi1chmugg","previousOperationId":"0u3p8jt0ey4k38s"}
{"type":"log","timestamp":1657049354675,"level":"info","message":"pdf-utils is starting pdf processing","meta":{"rootId":"egdy10ece34z72s","id":"egdy10ece34z72s"},"id":"48cpdo19fhsln9f","previousOperationId":"0u3p8jt0ey4k38s"}
{"type":"operationStart","subtype":"pdfUtils","name":"pdf utils","timestamp":1657049356241,"id":"xmz29n17srbl8nf","previousEventId":"b3pzqdhv7j1cu3p","operationId":"f1y7y3pfjibtmnl","previousOperationId":"0u3p8jt0ey4k38s"}
{"type":"log","timestamp":1657049356241,"level":"debug","message":"pdf-utils detected 1 pdf operation(s) to process","meta":{"rootId":"egdy10ece34z72s","id":"egdy10ece34z72s"},"id":"0uw3ujvh3sponck","previousOperationId":"f1y7y3pfjibtmnl"}
{"type":"log","timestamp":1657049356628,"level":"debug","message":"pdf-utils running pdf operation merge","meta":{"rootId":"egdy10ece34z72s","id":"egdy10ece34z72s"},"id":"cxrcc4bazob6yhw","previousOperationId":"f1y7y3pfjibtmnl"}
{"type":"operationStart","subtype":"pdfUtilsMerge","name":"pdf utils merge","previousOperationId":"f1y7y3pfjibtmnl","timestamp":1657049356628,"id":"wmapsww7fvinoh4","previousEventId":"xmz29n17srbl8nf","operationId":"mpsxymrgi4xofv2"}
{"type":"operationStart","subtype":"render","name":"orders-header","previousOperationId":"mpsxymrgi4xofv2","timestamp":1657049356631,"id":"6dcap2cy1aiatpy","previousEventId":"wmapsww7fvinoh4","operationId":"niiqlh37eg4rxt6"}
{"type":"log","timestamp":1657049356632,"level":"info","message":"Starting rendering request 5 (user: null)","meta":{"rootId":"egdy10ece34z72s","id":"t2chv6bautmtu9o"},"id":"9782on48prfr4q3","previousOperationId":"niiqlh37eg4rxt6"}
{"type":"log","timestamp":1657049356632,"level":"info","message":"Rendering template { name: orders-header, recipe: chrome-pdf, engine: handlebars, preview: true }","meta":{"rootId":"egdy10ece34z72s","id":"t2chv6bautmtu9o"},"id":"54lkzc5eoiqwgwl","previousOperationId":"niiqlh37eg4rxt6"}
{"type":"log","timestamp":1657049356639,"level":"debug","message":"Inline data specified.","meta":{"rootId":"egdy10ece34z72s","id":"t2chv6bautmtu9o"},"id":"ftlga9epz0vaeex","previousOperationId":"niiqlh37eg4rxt6"}
{"type":"log","timestamp":1657049356642,"level":"debug","message":"Base url not specified, skipping its injection.","meta":{"rootId":"egdy10ece34z72s","id":"t2chv6bautmtu9o"},"id":"5lbzbasn518790o","previousOperationId":"niiqlh37eg4rxt6"}
{"type":"operationStart","subtype":"engine","name":"handlebars","timestamp":1657049356642,"id":"gqf2bi95l5szb8w","previousEventId":"6dcap2cy1aiatpy","operationId":"6g9dne1scms7ndo","previousOperationId":"niiqlh37eg4rxt6"}
{"type":"log","timestamp":1657049356642,"level":"debug","message":"Rendering engine handlebars","meta":{"rootId":"egdy10ece34z72s","id":"t2chv6bautmtu9o"},"id":"iaf92023h3jymbo","previousOperationId":"6g9dne1scms7ndo"}
{"type":"operationEnd","operationId":"6g9dne1scms7ndo","timestamp":1657049356669,"id":"kbl4jefi52tka2w","previousEventId":"gqf2bi95l5szb8w","previousOperationId":"6g9dne1scms7ndo"}
{"type":"operationStart","subtype":"recipe","name":"chrome-pdf","timestamp":1657049356670,"id":"jgah66dmw8b5xhh","previousEventId":"kbl4jefi52tka2w","operationId":"8fzls0ik2m7txpq","previousOperationId":"6g9dne1scms7ndo"}
{"type":"log","timestamp":1657049356670,"level":"debug","message":"Executing recipe chrome-pdf","meta":{"rootId":"egdy10ece34z72s","id":"t2chv6bautmtu9o"},"id":"cv4ostkfyp5yk5v","previousOperationId":"8fzls0ik2m7txpq"}
{"type":"log","timestamp":1657049356672,"level":"debug","message":"Converting with chrome HeadlessChrome/98.0.4758.0 using chrome-pool strategy","meta":{"rootId":"egdy10ece34z72s","id":"t2chv6bautmtu9o"},"id":"s05glt3ioy178rw","previousOperationId":"8fzls0ik2m7txpq"}
{"type":"log","timestamp":1657049356790,"level":"debug","message":"Page request: GET (document) file:///C:/Users/lucas/AppData/Local/Temp/jsreport/autocleanup/6a9bec12-d184-4f1a-9656-83d2ee8dd80e-chrome-pdf.html","meta":{"rootId":"egdy10ece34z72s","id":"t2chv6bautmtu9o"},"id":"reree1hzk4exhy8","previousOperationId":"8fzls0ik2m7txpq"}
{"type":"log","timestamp":1657049356801,"level":"debug","message":"Page request finished: GET (document) file:///C:/Users/lucas/AppData/Local/Temp/jsreport/autocleanup/6a9bec12-d184-4f1a-9656-83d2ee8dd80e-chrome-pdf.html","meta":{"rootId":"egdy10ece34z72s","id":"t2chv6bautmtu9o"},"id":"eans8mnmartjsfc","previousOperationId":"8fzls0ik2m7txpq"}
{"type":"log","timestamp":1657049356802,"level":"debug","message":"Page request: GET (stylesheet) https://cdnjs.cloudflare.com/ajax/libs/metro/4.1.5/css/metro.min.css","meta":{"rootId":"egdy10ece34z72s","id":"t2chv6bautmtu9o"},"id":"x70y7u5p5bcf0mk","previousOperationId":"8fzls0ik2m7txpq"}
{"type":"log","timestamp":1657049356828,"level":"debug","message":"Page request finished: GET (stylesheet) 200 https://cdnjs.cloudflare.com/ajax/libs/metro/4.1.5/css/metro.min.css","meta":{"rootId":"egdy10ece34z72s","id":"t2chv6bautmtu9o"},"id":"6qgaixil03r2b4a","previousOperationId":"8fzls0ik2m7txpq"}
{"type":"log","timestamp":1657049356860,"level":"debug","message":"Running chrome with params {\"printBackground\":true,\"marginTop\":\"1.5cm\",\"marginRight\":\"1.5cm\",\"marginLeft\":\"1.cm\",\"timeout\":45155,\"margin\":{\"top\":\"1.5cm\",\"right\":\"1.5cm\",\"left\":\"1.cm\"}}","meta":{"rootId":"egdy10ece34z72s","id":"t2chv6bautmtu9o"},"id":"k64mkeo5e0zsu5e","previousOperationId":"8fzls0ik2m7txpq"}
{"type":"operationEnd","operationId":"8fzls0ik2m7txpq","timestamp":1657049356982,"id":"fhh3w01scyg6m26","previousEventId":"jgah66dmw8b5xhh","previousOperationId":"8fzls0ik2m7txpq"}
{"type":"log","timestamp":1657049356982,"level":"debug","message":"Skipping storing report.","meta":{"rootId":"egdy10ece34z72s","id":"t2chv6bautmtu9o"},"id":"0f4t17lt3pm0x09","previousOperationId":"8fzls0ik2m7txpq"}
{"type":"log","timestamp":1657049356982,"level":"info","message":"Rendering request 5 finished in 15156 ms","meta":{"rootId":"egdy10ece34z72s","id":"t2chv6bautmtu9o"},"id":"3spsgtct6palm9c","previousOperationId":"8fzls0ik2m7txpq"}
{"type":"operationEnd","subtype":"render","operationId":"niiqlh37eg4rxt6","timestamp":1657049356982,"id":"fg7hzxglknxluqn","previousEventId":"fhh3w01scyg6m26","previousOperationId":"8fzls0ik2m7txpq"}
{"type":"operationEnd","operationId":"mpsxymrgi4xofv2","timestamp":1657049357076,"id":"u2xqwy01mnjqk2t","previousEventId":"wmapsww7fvinoh4","previousOperationId":"mpsxymrgi4xofv2"}
{"type":"log","timestamp":1657049357076,"level":"debug","message":"pdf-utils postproces start","meta":{"rootId":"egdy10ece34z72s","id":"egdy10ece34z72s"},"id":"pu8wykoyb4n46im","previousOperationId":"mpsxymrgi4xofv2"}
{"type":"log","timestamp":1657049357109,"level":"debug","message":"pdf-utils postproces end","meta":{"rootId":"egdy10ece34z72s","id":"egdy10ece34z72s"},"id":"vata5hvqkwe3szt","previousOperationId":"mpsxymrgi4xofv2"}
{"type":"operationEnd","operationId":"f1y7y3pfjibtmnl","timestamp":1657049357110,"id":"y1ngmmgfy0e8zv4","previousEventId":"u2xqwy01mnjqk2t","previousOperationId":"mpsxymrgi4xofv2"}
{"type":"log","timestamp":1657049357110,"level":"info","message":"pdf-utils pdf processing was finished","meta":{"rootId":"egdy10ece34z72s","id":"egdy10ece34z72s"},"id":"j0bwfq6egj8ahlg","previousOperationId":"f1y7y3pfjibtmnl"}
{"type":"log","timestamp":1657049357110,"level":"debug","message":"Skipping storing report.","meta":{"rootId":"egdy10ece34z72s","id":"egdy10ece34z72s"},"id":"dp4hrvd3jn3y921","previousOperationId":"f1y7y3pfjibtmnl"}
{"type":"log","timestamp":1657049357110,"level":"info","message":"Rendering request 5 finished in 15284 ms","meta":{"rootId":"egdy10ece34z72s","id":"egdy10ece34z72s"},"id":"fddxyf2u1tsfuxk","previousOperationId":"f1y7y3pfjibtmnl"}
{"type":"operationEnd","subtype":"render","operationId":"bqnbqpbov4969v0","timestamp":1657049357110,"id":"03ayv7dtngf17kr","previousEventId":"y1ngmmgfy0e8zv4","previousOperationId":"f1y7y3pfjibtmnl"}
{"type":"operationEnd","doDiffs":false,"previousEventId":"2xbtwm0i43ftxdu","previousOperationId":"8c6rzpgz7o2sql4","operationId":"8c6rzpgz7o2sql4","timestamp":1657049357122,"id":"sbeddl9wqwu52ne"}
