{"type":"operationStart","subtype":"profile","data":{"_id":"ve6Ztkb19wJPZnXQ","timestamp":"2022-07-06T12:58:19.408Z","state":"queued","mode":"standard","blobName":"profiles/obwpaaa6rwxokth.log","creationDate":"2022-07-06T12:58:19.410Z","modificationDate":"2022-07-06T12:58:19.410Z","shortid":"ne4HjFp","$entitySet":"profiles"},"doDiffs":false,"timestamp":1657112299408,"id":"s9yjigqhyhkzawu","previousOperationId":null,"operationId":"5bmpc5mi1dwgn1e"}
{"type":"log","level":"info","message":"Render request 8 queued for execution and waiting for availible worker","previousOperationId":"5bmpc5mi1dwgn1e","timestamp":1657112299409,"id":"v8w3x0gxklm9kwk"}
{"type":"operationStart","subtype":"render","name":"orders-main","previousOperationId":"5bmpc5mi1dwgn1e","timestamp":1657112299420,"id":"cgrv225v48r9akm","previousEventId":"s9yjigqhyhkzawu","operationId":"0dq9h91d4ec3300"}
{"type":"log","timestamp":1657112299420,"level":"info","message":"Starting rendering request 8 (user: null)","meta":{"rootId":"obwpaaa6rwxokth","id":"obwpaaa6rwxokth"},"id":"3y7k3p0z1voppm8","previousOperationId":"0dq9h91d4ec3300"}
{"type":"log","timestamp":1657112299421,"level":"info","message":"Rendering template { name: orders-main, recipe: chrome-pdf, engine: handlebars, preview: true }","meta":{"rootId":"obwpaaa6rwxokth","id":"obwpaaa6rwxokth"},"id":"3uqd3jgyai34mzg","previousOperationId":"0dq9h91d4ec3300"}
{"type":"log","timestamp":1657112299422,"level":"debug","message":"Data item not defined for this template.","meta":{"rootId":"obwpaaa6rwxokth","id":"obwpaaa6rwxokth"},"id":"o9gt7wf7sf71chl","previousOperationId":"0dq9h91d4ec3300"}
{"type":"log","timestamp":1657112299428,"level":"debug","message":"Executing script orders-script (beforeRender)","meta":{"rootId":"obwpaaa6rwxokth","id":"obwpaaa6rwxokth"},"id":"m6bebdeokg3tyaj","previousOperationId":"0dq9h91d4ec3300"}
{"type":"operationStart","subtype":"scriptsBeforeRender","name":"scripts beforeRender","timestamp":1657112299467,"id":"ifnblntgsz7yzcg","previousEventId":"cgrv225v48r9akm","operationId":"2byvl0px7paw6tu","previousOperationId":"0dq9h91d4ec3300"}
{"type":"operationStart","subtype":"script","name":"scripts orders-script","previousOperationId":"2byvl0px7paw6tu","timestamp":1657112299467,"id":"h7qimscjji25j62","previousEventId":"ifnblntgsz7yzcg","operationId":"5pgpe38pj662r9m"}
{"type":"operationEnd","operationId":"5pgpe38pj662r9m","timestamp":1657112302034,"id":"ymek3lgwfcnn7pb","previousEventId":"cgrv225v48r9akm","previousOperationId":"0dq9h91d4ec3300"}
{"type":"operationEnd","operationId":"2byvl0px7paw6tu","timestamp":1657112302034,"id":"n3bx6relycduhlj","previousEventId":"ymek3lgwfcnn7pb","previousOperationId":"0dq9h91d4ec3300"}
{"type":"log","timestamp":1657112302034,"level":"debug","message":"Base url not specified, skipping its injection.","meta":{"rootId":"obwpaaa6rwxokth","id":"obwpaaa6rwxokth"},"id":"10xxlhdf2bebttu","previousOperationId":"2byvl0px7paw6tu"}
{"type":"operationStart","subtype":"engine","name":"handlebars","timestamp":1657112302035,"id":"3hgi5uousjbteqw","previousEventId":"n3bx6relycduhlj","operationId":"wdibfz755sop0z0","previousOperationId":"2byvl0px7paw6tu"}
{"type":"log","timestamp":1657112302035,"level":"debug","message":"Rendering engine handlebars","meta":{"rootId":"obwpaaa6rwxokth","id":"obwpaaa6rwxokth"},"id":"973o9ffs1mshgc4","previousOperationId":"wdibfz755sop0z0"}
{"type":"log","timestamp":1657112302053,"level":"debug","message":"Pdf utils adding group field, value: \"France\"","meta":{"rootId":"obwpaaa6rwxokth","id":"obwpaaa6rwxokth"},"id":"tgww4av6mxc0lxw","previousOperationId":"wdibfz755sop0z0"}
{"type":"log","timestamp":1657112302053,"level":"debug","message":"Pdf utils adding group field, value: \"Germany\"","meta":{"rootId":"obwpaaa6rwxokth","id":"obwpaaa6rwxokth"},"id":"svgbnxvtbbidg8o","previousOperationId":"wdibfz755sop0z0"}
{"type":"operationEnd","operationId":"wdibfz755sop0z0","timestamp":1657112302054,"id":"iztrljqjm24trfy","previousEventId":"3hgi5uousjbteqw","previousOperationId":"wdibfz755sop0z0"}
{"type":"operationStart","subtype":"recipe","name":"chrome-pdf","timestamp":1657112302054,"id":"rry73qb6tqk1n49","previousEventId":"iztrljqjm24trfy","operationId":"jns7upv22f5z1ju","previousOperationId":"wdibfz755sop0z0"}
{"type":"log","timestamp":1657112302054,"level":"debug","message":"Executing recipe chrome-pdf","meta":{"rootId":"obwpaaa6rwxokth","id":"obwpaaa6rwxokth"},"id":"7v0m4d7ievdlt6f","previousOperationId":"jns7upv22f5z1ju"}
{"type":"log","timestamp":1657112302058,"level":"debug","message":"Converting with chrome HeadlessChrome/98.0.4758.0 using chrome-pool strategy","meta":{"rootId":"obwpaaa6rwxokth","id":"obwpaaa6rwxokth"},"id":"wavb0ax9su8mzbl","previousOperationId":"jns7upv22f5z1ju"}
{"type":"log","timestamp":1657112302149,"level":"debug","message":"Page request: GET (document) file:///C:/Users/lucas/AppData/Local/Temp/jsreport/autocleanup/edbc9a61-513d-4782-ab7f-97b58b24557b-chrome-pdf.html","meta":{"rootId":"obwpaaa6rwxokth","id":"obwpaaa6rwxokth"},"id":"lb2twevjj2oj03l","previousOperationId":"jns7upv22f5z1ju"}
{"type":"log","timestamp":1657112302158,"level":"debug","message":"Page request finished: GET (document) file:///C:/Users/lucas/AppData/Local/Temp/jsreport/autocleanup/edbc9a61-513d-4782-ab7f-97b58b24557b-chrome-pdf.html","meta":{"rootId":"obwpaaa6rwxokth","id":"obwpaaa6rwxokth"},"id":"6j8bm3288ba7ern","previousOperationId":"jns7upv22f5z1ju"}
{"type":"log","timestamp":1657112302159,"level":"debug","message":"Page request: GET (stylesheet) https://cdnjs.cloudflare.com/ajax/libs/metro/4.1.5/css/metro.min.css","meta":{"rootId":"obwpaaa6rwxokth","id":"obwpaaa6rwxokth"},"id":"w9i8fh3tosdfxwi","previousOperationId":"jns7upv22f5z1ju"}
{"type":"log","timestamp":1657112302160,"level":"debug","message":"Page request: GET (script) https://cdnjs.cloudflare.com/ajax/libs/Chart.js/2.7.2/Chart.min.js","meta":{"rootId":"obwpaaa6rwxokth","id":"obwpaaa6rwxokth"},"id":"iklwbcw024cgel1","previousOperationId":"jns7upv22f5z1ju"}
{"type":"log","timestamp":1657112305953,"level":"debug","message":"Page request finished: GET (stylesheet) 200 https://cdnjs.cloudflare.com/ajax/libs/metro/4.1.5/css/metro.min.css","meta":{"rootId":"obwpaaa6rwxokth","id":"obwpaaa6rwxokth"},"id":"g42vagp0wrz7zlu","previousOperationId":"jns7upv22f5z1ju"}
{"type":"log","timestamp":1657112305961,"level":"debug","message":"Page request finished: GET (script) 200 https://cdnjs.cloudflare.com/ajax/libs/Chart.js/2.7.2/Chart.min.js","meta":{"rootId":"obwpaaa6rwxokth","id":"obwpaaa6rwxokth"},"id":"0c426jtjclzw6rf","previousOperationId":"jns7upv22f5z1ju"}
{"type":"log","timestamp":1657112306065,"level":"debug","message":"Running chrome with params {\"printBackground\":true,\"marginTop\":\"4cm\",\"marginRight\":\"1.5cm\",\"marginBottom\":\"1.5cm\",\"marginLeft\":\"1.5cm\",\"waitForJS\":false,\"timeout\":57350,\"margin\":{\"top\":\"4cm\",\"right\":\"1.5cm\",\"bottom\":\"1.5cm\",\"left\":\"1.5cm\"}}","meta":{"rootId":"obwpaaa6rwxokth","id":"obwpaaa6rwxokth"},"id":"87wfxrrsnmndf65","previousOperationId":"jns7upv22f5z1ju"}
{"type":"operationEnd","operationId":"jns7upv22f5z1ju","timestamp":1657112306414,"id":"puw1t45g242e5kf","previousEventId":"rry73qb6tqk1n49","previousOperationId":"jns7upv22f5z1ju"}
{"type":"log","timestamp":1657112306414,"level":"info","message":"pdf-utils is starting pdf processing","meta":{"rootId":"obwpaaa6rwxokth","id":"obwpaaa6rwxokth"},"id":"urzcoso1fasv956","previousOperationId":"jns7upv22f5z1ju"}
{"type":"operationStart","subtype":"pdfUtils","name":"pdf utils","timestamp":1657112308473,"id":"sigpyhx6fc0tugk","previousEventId":"puw1t45g242e5kf","operationId":"5h805doj6org3l5","previousOperationId":"jns7upv22f5z1ju"}
{"type":"log","timestamp":1657112308474,"level":"debug","message":"pdf-utils detected 1 pdf operation(s) to process","meta":{"rootId":"obwpaaa6rwxokth","id":"obwpaaa6rwxokth"},"id":"sjdk95ch67fhx1c","previousOperationId":"5h805doj6org3l5"}
{"type":"log","timestamp":1657112309194,"level":"debug","message":"pdf-utils running pdf operation merge","meta":{"rootId":"obwpaaa6rwxokth","id":"obwpaaa6rwxokth"},"id":"d4z06uvgv5ii06o","previousOperationId":"5h805doj6org3l5"}
{"type":"operationStart","subtype":"pdfUtilsMerge","name":"pdf utils merge","previousOperationId":"5h805doj6org3l5","timestamp":1657112309194,"id":"f5q2700qe2mntc0","previousEventId":"sigpyhx6fc0tugk","operationId":"l1kqkrvieet3q4d"}
{"type":"operationStart","subtype":"render","name":"orders-header","previousOperationId":"l1kqkrvieet3q4d","timestamp":1657112309195,"id":"dd4rst7kt99ip1w","previousEventId":"f5q2700qe2mntc0","operationId":"bzu8f4vg5c8gg5w"}
{"type":"log","timestamp":1657112309195,"level":"info","message":"Starting rendering request 8 (user: null)","meta":{"rootId":"obwpaaa6rwxokth","id":"8leetbe32kpgxyl"},"id":"uh1rjjx9gkxxyj0","previousOperationId":"bzu8f4vg5c8gg5w"}
{"type":"log","timestamp":1657112309195,"level":"info","message":"Rendering template { name: orders-header, recipe: chrome-pdf, engine: handlebars, preview: true }","meta":{"rootId":"obwpaaa6rwxokth","id":"8leetbe32kpgxyl"},"id":"8c693l1rfwoxarb","previousOperationId":"bzu8f4vg5c8gg5w"}
{"type":"log","timestamp":1657112309203,"level":"debug","message":"Inline data specified.","meta":{"rootId":"obwpaaa6rwxokth","id":"8leetbe32kpgxyl"},"id":"kq0q5g5xe9ohjsm","previousOperationId":"bzu8f4vg5c8gg5w"}
{"type":"log","timestamp":1657112309207,"level":"debug","message":"Base url not specified, skipping its injection.","meta":{"rootId":"obwpaaa6rwxokth","id":"8leetbe32kpgxyl"},"id":"2sbz4wjvztw1cgj","previousOperationId":"bzu8f4vg5c8gg5w"}
{"type":"operationStart","subtype":"engine","name":"handlebars","timestamp":1657112309207,"id":"2vwtpaqp1fu90u0","previousEventId":"dd4rst7kt99ip1w","operationId":"hrls7f0rcff3tyw","previousOperationId":"bzu8f4vg5c8gg5w"}
{"type":"log","timestamp":1657112309207,"level":"debug","message":"Rendering engine handlebars","meta":{"rootId":"obwpaaa6rwxokth","id":"8leetbe32kpgxyl"},"id":"8yki05xrmasnhgo","previousOperationId":"hrls7f0rcff3tyw"}
{"type":"operationEnd","operationId":"hrls7f0rcff3tyw","timestamp":1657112309234,"id":"b4m5v0y5z20pbky","previousEventId":"2vwtpaqp1fu90u0","previousOperationId":"hrls7f0rcff3tyw"}
{"type":"operationStart","subtype":"recipe","name":"chrome-pdf","timestamp":1657112309235,"id":"qcmcx92umpheert","previousEventId":"b4m5v0y5z20pbky","operationId":"rd9r24tx1roarvk","previousOperationId":"hrls7f0rcff3tyw"}
{"type":"log","timestamp":1657112309235,"level":"debug","message":"Executing recipe chrome-pdf","meta":{"rootId":"obwpaaa6rwxokth","id":"8leetbe32kpgxyl"},"id":"s9lu3ng85w78whk","previousOperationId":"rd9r24tx1roarvk"}
{"type":"log","timestamp":1657112309237,"level":"debug","message":"Converting with chrome HeadlessChrome/98.0.4758.0 using chrome-pool strategy","meta":{"rootId":"obwpaaa6rwxokth","id":"8leetbe32kpgxyl"},"id":"vwm18c2h4s3i7oz","previousOperationId":"rd9r24tx1roarvk"}
{"type":"log","timestamp":1657112309323,"level":"debug","message":"Page request: GET (document) file:///C:/Users/lucas/AppData/Local/Temp/jsreport/autocleanup/d83bee6f-a799-4ee1-a534-025e8a0ef56b-chrome-pdf.html","meta":{"rootId":"obwpaaa6rwxokth","id":"8leetbe32kpgxyl"},"id":"i681atbfrm8eej4","previousOperationId":"rd9r24tx1roarvk"}
{"type":"log","timestamp":1657112309330,"level":"debug","message":"Page request finished: GET (document) file:///C:/Users/lucas/AppData/Local/Temp/jsreport/autocleanup/d83bee6f-a799-4ee1-a534-025e8a0ef56b-chrome-pdf.html","meta":{"rootId":"obwpaaa6rwxokth","id":"8leetbe32kpgxyl"},"id":"0bohcl77yhh8al4","previousOperationId":"rd9r24tx1roarvk"}
{"type":"log","timestamp":1657112309331,"level":"debug","message":"Page request: GET (stylesheet) https://cdnjs.cloudflare.com/ajax/libs/metro/4.1.5/css/metro.min.css","meta":{"rootId":"obwpaaa6rwxokth","id":"8leetbe32kpgxyl"},"id":"1sj0y9dj0oyv94n","previousOperationId":"rd9r24tx1roarvk"}
{"type":"log","timestamp":1657112309359,"level":"debug","message":"Page request finished: GET (stylesheet) 200 https://cdnjs.cloudflare.com/ajax/libs/metro/4.1.5/css/metro.min.css","meta":{"rootId":"obwpaaa6rwxokth","id":"8leetbe32kpgxyl"},"id":"vog7nrmy0jxdo9y","previousOperationId":"rd9r24tx1roarvk"}
{"type":"log","timestamp":1657112309422,"level":"debug","message":"Running chrome with params {\"printBackground\":true,\"marginTop\":\"1.5cm\",\"marginRight\":\"1.5cm\",\"marginLeft\":\"1.cm\",\"timeout\":50170,\"margin\":{\"top\":\"1.5cm\",\"right\":\"1.5cm\",\"left\":\"1.cm\"}}","meta":{"rootId":"obwpaaa6rwxokth","id":"8leetbe32kpgxyl"},"id":"9jiife10a6y7qay","previousOperationId":"rd9r24tx1roarvk"}
{"type":"operationEnd","operationId":"rd9r24tx1roarvk","timestamp":1657112309532,"id":"wwknj1my05jpl67","previousEventId":"qcmcx92umpheert","previousOperationId":"rd9r24tx1roarvk"}
{"type":"log","timestamp":1657112309532,"level":"debug","message":"Skipping storing report.","meta":{"rootId":"obwpaaa6rwxokth","id":"8leetbe32kpgxyl"},"id":"f5od7vy7nui9ec5","previousOperationId":"rd9r24tx1roarvk"}
{"type":"log","timestamp":1657112309532,"level":"info","message":"Rendering request 8 finished in 10125 ms","meta":{"rootId":"obwpaaa6rwxokth","id":"8leetbe32kpgxyl"},"id":"o3a66bcuewybfyz","previousOperationId":"rd9r24tx1roarvk"}
{"type":"operationEnd","subtype":"render","operationId":"bzu8f4vg5c8gg5w","timestamp":1657112309532,"id":"1a3obfxttqsfjk9","previousEventId":"wwknj1my05jpl67","previousOperationId":"rd9r24tx1roarvk"}
{"type":"operationEnd","operationId":"l1kqkrvieet3q4d","timestamp":1657112309634,"id":"ew5n8dqykk7mnbx","previousEventId":"f5q2700qe2mntc0","previousOperationId":"l1kqkrvieet3q4d"}
{"type":"log","timestamp":1657112309634,"level":"debug","message":"pdf-utils postproces start","meta":{"rootId":"obwpaaa6rwxokth","id":"obwpaaa6rwxokth"},"id":"6z8xqg1uuql1z5d","previousOperationId":"l1kqkrvieet3q4d"}
{"type":"log","timestamp":1657112309661,"level":"debug","message":"pdf-utils postproces end","meta":{"rootId":"obwpaaa6rwxokth","id":"obwpaaa6rwxokth"},"id":"ty6h1r2afnlbuac","previousOperationId":"l1kqkrvieet3q4d"}
{"type":"operationEnd","operationId":"5h805doj6org3l5","timestamp":1657112309661,"id":"jqvtzh0n565asbe","previousEventId":"ew5n8dqykk7mnbx","previousOperationId":"l1kqkrvieet3q4d"}
{"type":"log","timestamp":1657112309661,"level":"info","message":"pdf-utils pdf processing was finished","meta":{"rootId":"obwpaaa6rwxokth","id":"obwpaaa6rwxokth"},"id":"3srrj4z7g3i3zsa","previousOperationId":"5h805doj6org3l5"}
{"type":"log","timestamp":1657112309661,"level":"debug","message":"Skipping storing report.","meta":{"rootId":"obwpaaa6rwxokth","id":"obwpaaa6rwxokth"},"id":"4206uht4qd8e096","previousOperationId":"5h805doj6org3l5"}
{"type":"log","timestamp":1657112309661,"level":"info","message":"Rendering request 8 finished in 10254 ms","meta":{"rootId":"obwpaaa6rwxokth","id":"obwpaaa6rwxokth"},"id":"tb8tdvm60c4ncdg","previousOperationId":"5h805doj6org3l5"}
{"type":"operationEnd","subtype":"render","operationId":"0dq9h91d4ec3300","timestamp":1657112309661,"id":"572rd5oedckgpdm","previousEventId":"jqvtzh0n565asbe","previousOperationId":"5h805doj6org3l5"}
{"type":"operationEnd","doDiffs":false,"previousEventId":"s9yjigqhyhkzawu","previousOperationId":"5bmpc5mi1dwgn1e","operationId":"5bmpc5mi1dwgn1e","timestamp":1657112309674,"id":"qsvwbtolnrqm9nq"}
