{"type":"operationStart","subtype":"profile","data":{"_id":"ff4AazMRcjkXvZui","timestamp":"2022-07-05T17:43:47.466Z","state":"queued","mode":"standard","blobName":"profiles/uftm0d6yq3sd1oq.log","creationDate":"2022-07-05T17:43:47.484Z","modificationDate":"2022-07-05T17:43:47.484Z","shortid":"xZ0ee9w","$entitySet":"profiles"},"doDiffs":false,"timestamp":1657043027467,"id":"wpugy39o0nr00tj","previousOperationId":null,"operationId":"ueib72p8ciz8cb2"}
{"type":"log","level":"info","message":"Render request 1 queued for execution and waiting for availible worker","previousOperationId":"ueib72p8ciz8cb2","timestamp":1657043027473,"id":"94vmo2k4jloh9o0"}
{"type":"operationStart","subtype":"render","name":"orders-header","previousOperationId":"ueib72p8ciz8cb2","timestamp":1657043027680,"id":"puj2seobx1ml8b7","previousEventId":"wpugy39o0nr00tj","operationId":"pxglwvnxa56wpz4"}
{"type":"log","timestamp":1657043027687,"level":"info","message":"Starting rendering request 1 (user: null)","meta":{"rootId":"uftm0d6yq3sd1oq","id":"uftm0d6yq3sd1oq"},"id":"h79sjiatn1eb6s5","previousOperationId":"pxglwvnxa56wpz4"}
{"type":"log","timestamp":1657043027699,"level":"info","message":"Rendering template { name: orders-header, recipe: chrome-pdf, engine: handlebars, preview: true }","meta":{"rootId":"uftm0d6yq3sd1oq","id":"uftm0d6yq3sd1oq"},"id":"fsm7c1jqrr9123t","previousOperationId":"pxglwvnxa56wpz4"}
{"type":"log","timestamp":1657043027729,"level":"debug","message":"Data item not defined for this template.","meta":{"rootId":"uftm0d6yq3sd1oq","id":"uftm0d6yq3sd1oq"},"id":"x6rjmhftr7uj9p0","previousOperationId":"pxglwvnxa56wpz4"}
{"type":"log","timestamp":1657043027745,"level":"debug","message":"Base url not specified, skipping its injection.","meta":{"rootId":"uftm0d6yq3sd1oq","id":"uftm0d6yq3sd1oq"},"id":"eu076xakwozghag","previousOperationId":"pxglwvnxa56wpz4"}
{"type":"operationStart","subtype":"engine","name":"handlebars","timestamp":1657043027748,"id":"g5wahibiaax7wdl","previousEventId":"puj2seobx1ml8b7","operationId":"852pcimnuqavly5","previousOperationId":"pxglwvnxa56wpz4"}
{"type":"log","timestamp":1657043027748,"level":"debug","message":"Rendering engine handlebars","meta":{"rootId":"uftm0d6yq3sd1oq","id":"uftm0d6yq3sd1oq"},"id":"jr1xr56rrhew64x","previousOperationId":"852pcimnuqavly5"}
{"type":"operationEnd","operationId":"852pcimnuqavly5","timestamp":1657043030220,"id":"36iom9kby12s480","previousEventId":"g5wahibiaax7wdl","previousOperationId":"852pcimnuqavly5"}
{"type":"operationStart","subtype":"recipe","name":"chrome-pdf","timestamp":1657043030221,"id":"ozmh35anygvfyf7","previousEventId":"36iom9kby12s480","operationId":"f23hc8gq23y97za","previousOperationId":"852pcimnuqavly5"}
{"type":"log","timestamp":1657043030222,"level":"debug","message":"Executing recipe chrome-pdf","meta":{"rootId":"uftm0d6yq3sd1oq","id":"uftm0d6yq3sd1oq"},"id":"xe4zm78s9stoaqc","previousOperationId":"f23hc8gq23y97za"}
{"type":"log","timestamp":1657043031237,"level":"debug","message":"Converting with chrome HeadlessChrome/98.0.4758.0 using chrome-pool strategy","meta":{"rootId":"uftm0d6yq3sd1oq","id":"uftm0d6yq3sd1oq"},"id":"69tvyu0k1t6tzbn","previousOperationId":"f23hc8gq23y97za"}
{"type":"log","timestamp":1657043032590,"level":"debug","message":"Page request: GET (document) file:///C:/Users/lucas/AppData/Local/Temp/jsreport/autocleanup/319aa812-4bf9-449c-b616-b26be304ca0c-chrome-pdf.html","meta":{"rootId":"uftm0d6yq3sd1oq","id":"uftm0d6yq3sd1oq"},"id":"h08mq51g3fq1swx","previousOperationId":"f23hc8gq23y97za"}
{"type":"log","timestamp":1657043032602,"level":"debug","message":"Page request finished: GET (document) file:///C:/Users/lucas/AppData/Local/Temp/jsreport/autocleanup/319aa812-4bf9-449c-b616-b26be304ca0c-chrome-pdf.html","meta":{"rootId":"uftm0d6yq3sd1oq","id":"uftm0d6yq3sd1oq"},"id":"0wpc2112umjjm43","previousOperationId":"f23hc8gq23y97za"}
{"type":"log","timestamp":1657043032604,"level":"debug","message":"Page request: GET (stylesheet) https://cdnjs.cloudflare.com/ajax/libs/metro/4.1.5/css/metro.min.css","meta":{"rootId":"uftm0d6yq3sd1oq","id":"uftm0d6yq3sd1oq"},"id":"wv775b75aik97br","previousOperationId":"f23hc8gq23y97za"}
{"type":"log","timestamp":1657043039882,"level":"debug","message":"Page request finished: GET (stylesheet) 200 https://cdnjs.cloudflare.com/ajax/libs/metro/4.1.5/css/metro.min.css","meta":{"rootId":"uftm0d6yq3sd1oq","id":"uftm0d6yq3sd1oq"},"id":"vnrfbrelgpqbar8","previousOperationId":"f23hc8gq23y97za"}
{"type":"log","timestamp":1657043039887,"level":"debug","message":"Running chrome with params {\"printBackground\":true,\"marginTop\":\"1.5cm\",\"marginRight\":\"1.5cm\",\"marginLeft\":\"1.cm\",\"timeout\":57087,\"margin\":{\"top\":\"1.5cm\",\"right\":\"1.5cm\",\"left\":\"1.cm\"}}","meta":{"rootId":"uftm0d6yq3sd1oq","id":"uftm0d6yq3sd1oq"},"id":"6xig1efb2qo6w7n","previousOperationId":"f23hc8gq23y97za"}
{"type":"operationEnd","operationId":"f23hc8gq23y97za","timestamp":1657043039946,"id":"3t7rvyngruf238l","previousEventId":"ozmh35anygvfyf7","previousOperationId":"f23hc8gq23y97za"}
{"type":"log","timestamp":1657043039948,"level":"debug","message":"Skipping storing report.","meta":{"rootId":"uftm0d6yq3sd1oq","id":"uftm0d6yq3sd1oq"},"id":"yq7p3mxkb0buwhl","previousOperationId":"f23hc8gq23y97za"}
{"type":"log","timestamp":1657043039948,"level":"info","message":"Rendering request 1 finished in 12484 ms","meta":{"rootId":"uftm0d6yq3sd1oq","id":"uftm0d6yq3sd1oq"},"id":"8ji0ek6113apk78","previousOperationId":"f23hc8gq23y97za"}
{"type":"operationEnd","subtype":"render","operationId":"pxglwvnxa56wpz4","timestamp":1657043039948,"id":"0y81r9gka4awz32","previousEventId":"3t7rvyngruf238l","previousOperationId":"f23hc8gq23y97za"}
{"type":"operationEnd","doDiffs":false,"previousEventId":"wpugy39o0nr00tj","previousOperationId":"ueib72p8ciz8cb2","operationId":"ueib72p8ciz8cb2","timestamp":1657043039955,"id":"kcul6xg64qewgcr"}
