{"type":"operationStart","subtype":"profile","data":{"_id":"lXv7bTGkDjKQ2hqZ","timestamp":"2022-07-06T02:01:38.220Z","state":"queued","mode":"standard","blobName":"profiles/auasvgmexl347xd.log","creationDate":"2022-07-06T02:01:38.223Z","modificationDate":"2022-07-06T02:01:38.223Z","shortid":"Uihwq0N","$entitySet":"profiles"},"doDiffs":false,"timestamp":1657072898220,"id":"y5rnmonrtijooy2","previousOperationId":null,"operationId":"zimg2f56y5c0fnh"}
{"type":"log","level":"info","message":"Render request 1 queued for execution and waiting for availible worker","previousOperationId":"zimg2f56y5c0fnh","timestamp":1657072898221,"id":"28t0n1ox032wmc9"}
{"type":"operationStart","subtype":"render","name":"anonymous","previousOperationId":"zimg2f56y5c0fnh","timestamp":1657072898248,"id":"t1syhvd1bg3c82u","previousEventId":"y5rnmonrtijooy2","operationId":"l06nu49k0jfyov4"}
{"type":"log","timestamp":1657072898249,"level":"info","message":"Starting rendering request 1 (user: null)","meta":{"rootId":"auasvgmexl347xd","id":"auasvgmexl347xd"},"id":"mo969jh9wk5yfwl","previousOperationId":"l06nu49k0jfyov4"}
{"type":"log","timestamp":1657072898250,"level":"info","message":"Rendering template { name: teste, recipe: chrome-pdf, engine: handlebars, preview: true }","meta":{"rootId":"auasvgmexl347xd","id":"auasvgmexl347xd"},"id":"fyqy801ndodp53d","previousOperationId":"l06nu49k0jfyov4"}
{"type":"log","timestamp":1657072898251,"level":"debug","message":"Inline data specified.","meta":{"rootId":"auasvgmexl347xd","id":"auasvgmexl347xd"},"id":"k93q6h28sj7ezis","previousOperationId":"l06nu49k0jfyov4"}
{"type":"log","timestamp":1657072898256,"level":"debug","message":"Base url not specified, skipping its injection.","meta":{"rootId":"auasvgmexl347xd","id":"auasvgmexl347xd"},"id":"el92xt8tktabboz","previousOperationId":"l06nu49k0jfyov4"}
{"type":"operationStart","subtype":"engine","name":"handlebars","timestamp":1657072898258,"id":"z2362q021j6pz0l","previousEventId":"t1syhvd1bg3c82u","operationId":"6gvxkweumtvw1tl","previousOperationId":"l06nu49k0jfyov4"}
{"type":"log","timestamp":1657072898258,"level":"debug","message":"Rendering engine handlebars","meta":{"rootId":"auasvgmexl347xd","id":"auasvgmexl347xd"},"id":"h6v9xagb8vhmmm9","previousOperationId":"6gvxkweumtvw1tl"}
{"type":"operationEnd","operationId":"6gvxkweumtvw1tl","timestamp":1657072900764,"id":"oq415h3szjls9dn","previousEventId":"z2362q021j6pz0l","previousOperationId":"6gvxkweumtvw1tl"}
{"type":"operationStart","subtype":"recipe","name":"chrome-pdf","timestamp":1657072900765,"id":"wm4mdn65i6p5wgp","previousEventId":"oq415h3szjls9dn","operationId":"j85nwcvm4e3n86e","previousOperationId":"6gvxkweumtvw1tl"}
{"type":"log","timestamp":1657072900765,"level":"debug","message":"Executing recipe chrome-pdf","meta":{"rootId":"auasvgmexl347xd","id":"auasvgmexl347xd"},"id":"3tkykxi3dc9u9bv","previousOperationId":"j85nwcvm4e3n86e"}
{"type":"log","timestamp":1657072902177,"level":"debug","message":"Converting with chrome HeadlessChrome/98.0.4758.0 using chrome-pool strategy","meta":{"rootId":"auasvgmexl347xd","id":"auasvgmexl347xd"},"id":"pcoai130cs309ov","previousOperationId":"j85nwcvm4e3n86e"}
{"type":"log","timestamp":1657072903835,"level":"debug","message":"Page request: GET (document) file:///C:/Users/lucas/AppData/Local/Temp/jsreport/autocleanup/8d2b4252-83ae-42e3-a8e8-82fb4eae3195-chrome-pdf.html","meta":{"rootId":"auasvgmexl347xd","id":"auasvgmexl347xd"},"id":"mzdx6c4m6lomaht","previousOperationId":"j85nwcvm4e3n86e"}
{"type":"log","timestamp":1657072903843,"level":"debug","message":"Page request finished: GET (document) file:///C:/Users/lucas/AppData/Local/Temp/jsreport/autocleanup/8d2b4252-83ae-42e3-a8e8-82fb4eae3195-chrome-pdf.html","meta":{"rootId":"auasvgmexl347xd","id":"auasvgmexl347xd"},"id":"0m5z9tlediubirh","previousOperationId":"j85nwcvm4e3n86e"}
{"type":"log","timestamp":1657072903871,"level":"debug","message":"Running chrome with params {\"printBackground\":true,\"timeout\":57344,\"margin\":{}}","meta":{"rootId":"auasvgmexl347xd","id":"auasvgmexl347xd"},"id":"my3b1lnzbaujbyd","previousOperationId":"j85nwcvm4e3n86e"}
{"type":"operationEnd","operationId":"j85nwcvm4e3n86e","timestamp":1657072903892,"id":"gmeq3srzdqctlum","previousEventId":"wm4mdn65i6p5wgp","previousOperationId":"j85nwcvm4e3n86e"}
{"type":"log","timestamp":1657072903893,"level":"debug","message":"Skipping storing report.","meta":{"rootId":"auasvgmexl347xd","id":"auasvgmexl347xd"},"id":"emq98nhtj4m0byc","previousOperationId":"j85nwcvm4e3n86e"}
{"type":"log","timestamp":1657072903895,"level":"info","message":"Rendering request 1 finished in 5676 ms","meta":{"rootId":"auasvgmexl347xd","id":"auasvgmexl347xd"},"id":"9iwv4bbsqpa86td","previousOperationId":"j85nwcvm4e3n86e"}
{"type":"operationEnd","subtype":"render","operationId":"l06nu49k0jfyov4","timestamp":1657072903895,"id":"hiqmn85lytk0wdt","previousEventId":"gmeq3srzdqctlum","previousOperationId":"j85nwcvm4e3n86e"}
{"type":"operationEnd","doDiffs":false,"previousEventId":"y5rnmonrtijooy2","previousOperationId":"zimg2f56y5c0fnh","operationId":"zimg2f56y5c0fnh","timestamp":1657072903906,"id":"3oxlaw6k6de3qfa"}
